Log file open, 12/14/23 00:53:10
LogWindows: Failed to load 'aqProf.dll' (GetLastError=126)
LogWindows: File 'aqProf.dll' does not exist
LogWindows: Failed to load 'VtuneApi.dll' (GetLastError=126)
LogWindows: File 'VtuneApi.dll' does not exist
LogWindows: Failed to load 'VtuneApi32e.dll' (GetLastError=126)
LogWindows: File 'VtuneApi32e.dll' does not exist
LogConsoleResponse: Display: Failed to find resolution value strings in scalability ini. Falling back to default.
LogConsoleResponse: Display: Failed to find resolution value strings in scalability ini. Falling back to default.
LogInit: Display: Running engine for game: FinalP_Guessing_v2
LogPlatformFile: Not using cached read wrapper
LogTaskGraph: Started task graph with 5 named threads and 14 total threads with 3 sets of task threads.
LogStats: Stats thread started at 0.266470
LogICUInternationalization: ICU TimeZone Detection - Raw Offset: -6:00, Platform Override: ''
LogInit: Display: Loading text-based GConfig....
LogPluginManager: Mounting plugin MeshPainting
LogPluginManager: Mounting plugin XGEController
LogPluginManager: Mounting plugin Paper2D
LogPluginManager: Mounting plugin LiveLink
LogPluginManager: Mounting plugin AISupport
LogPluginManager: Mounting plugin EnvironmentQueryEditor
LogPluginManager: Mounting plugin LightPropagationVolume
LogPluginManager: Mounting plugin OodleData
LogPluginManager: Mounting plugin OodleNetwork
LogPluginManager: Mounting plugin GameplayCameras
LogPluginManager: Mounting plugin AnimationSharing
LogPluginManager: Mounting plugin CameraShakePreviewer
LogPluginManager: Mounting plugin CLionSourceCodeAccess
LogPluginManager: Mounting plugin GitSourceControl
LogPluginManager: Mounting plugin KDevelopSourceCodeAccess
LogPluginManager: Mounting plugin NullSourceCodeAccess
LogPluginManager: Mounting plugin PerforceSourceControl
LogPluginManager: Mounting plugin PixWinPlugin
LogPluginManager: Mounting plugin PlasticSourceControl
LogPluginManager: Mounting plugin PluginUtils
LogPluginManager: Mounting plugin PropertyAccessNode
LogPluginManager: Mounting plugin RiderSourceCodeAccess
LogPluginManager: Mounting plugin SubversionSourceControl
LogPluginManager: Mounting plugin TextureFormatOodle
LogPluginManager: Mounting plugin CodeLiteSourceCodeAccess
LogPluginManager: Mounting plugin UObjectPlugin
LogPluginManager: Mounting plugin VisualStudioCodeSourceCodeAccess
LogPluginManager: Mounting plugin VisualStudioSourceCodeAccess
LogPluginManager: Mounting plugin XCodeSourceCodeAccess
LogPluginManager: Mounting plugin CryptoKeys
LogPluginManager: Mounting plugin AssetManagerEditor
LogPluginManager: Mounting plugin DataValidation
LogPluginManager: Mounting plugin CurveEditorTools
LogPluginManager: Mounting plugin FacialAnimation
LogPluginManager: Mounting plugin GameplayTagsEditor
LogPluginManager: Mounting plugin GeometryMode
LogPluginManager: Mounting plugin MacGraphicsSwitching
LogPluginManager: Mounting plugin MaterialAnalyzer
LogPluginManager: Mounting plugin MobileLauncherProfileWizard
LogPluginManager: Mounting plugin PluginBrowser
LogPluginManager: Mounting plugin DatasmithContent
LogPluginManager: Mounting plugin SpeedTreeImporter
LogPluginManager: Mounting plugin VariantManagerContent
LogPluginManager: Mounting plugin Niagara
LogPluginManager: Mounting plugin LuminPlatformFeatures
LogPluginManager: Mounting plugin MagicLeap
LogPluginManager: Mounting plugin MagicLeapLightEstimation
LogPluginManager: Mounting plugin MagicLeapMedia
LogPluginManager: Mounting plugin MagicLeapPassableWorld
LogPluginManager: Mounting plugin MLSDK
LogPluginManager: Mounting plugin AlembicImporter
LogPluginManager: Mounting plugin AutomationUtils
LogPluginManager: Mounting plugin BackChannel
LogPluginManager: Mounting plugin ChaosCloth
LogPluginManager: Mounting plugin ChaosClothEditor
LogPluginManager: Mounting plugin ChaosEditor
LogPluginManager: Mounting plugin ChaosSolverPlugin
LogPluginManager: Mounting plugin ChaosNiagara
LogPluginManager: Mounting plugin CharacterAI
LogPluginManager: Mounting plugin AndroidMedia
LogPluginManager: Mounting plugin AvfMedia
LogPluginManager: Mounting plugin MediaCompositing
LogPluginManager: Mounting plugin ImgMedia
LogPluginManager: Mounting plugin MediaPlayerEditor
LogPluginManager: Mounting plugin WmfMedia
LogPluginManager: Mounting plugin WebMMedia
LogPluginManager: Mounting plugin TcpMessaging
LogPluginManager: Mounting plugin UdpMessaging
LogPluginManager: Mounting plugin GeometryCache
LogPluginManager: Mounting plugin GeometryCollectionPlugin
LogPluginManager: Mounting plugin GeometryProcessing
LogPluginManager: Mounting plugin OpenImageDenoise
LogPluginManager: Mounting plugin MotoSynth
LogPluginManager: Mounting plugin PlanarCut
LogPluginManager: Mounting plugin ProxyLODPlugin
LogPluginManager: Mounting plugin PythonScriptPlugin
LogPluginManager: Mounting plugin ActorSequence
LogPluginManager: Mounting plugin LevelSequenceEditor
LogPluginManager: Mounting plugin MatineeToLevelSequence
LogPluginManager: Mounting plugin PlatformCrypto
LogPluginManager: Mounting plugin TemplateSequence
LogPluginManager: Mounting plugin SkeletalReduction
LogPluginManager: Mounting plugin OnlineSubsystem
LogPluginManager: Mounting plugin OnlineSubsystemNull
LogPluginManager: Mounting plugin OnlineSubsystemUtils
LogPluginManager: Mounting plugin ActorLayerUtilities
LogPluginManager: Mounting plugin AndroidDeviceProfileSelector
LogPluginManager: Mounting plugin AndroidMoviePlayer
LogPluginManager: Mounting plugin AndroidPermission
LogPluginManager: Mounting plugin AppleImageUtils
LogPluginManager: Mounting plugin AppleMoviePlayer
LogPluginManager: Mounting plugin ArchVisCharacter
LogPluginManager: Mounting plugin AssetTags
LogPluginManager: Mounting plugin AudioCapture
LogPluginManager: Mounting plugin AudioSynesthesia
LogPluginManager: Mounting plugin CableComponent
LogPluginManager: Mounting plugin ChunkDownloader
LogPluginManager: Mounting plugin LauncherChunkInstaller
LogPluginManager: Mounting plugin CustomMeshComponent
LogPluginManager: Mounting plugin EditableMesh
LogPluginManager: Mounting plugin ExampleDeviceProfileSelector
LogPluginManager: Mounting plugin GoogleCloudMessaging
LogPluginManager: Mounting plugin GooglePAD
LogPluginManager: Mounting plugin LinuxDeviceProfileSelector
LogPluginManager: Mounting plugin IOSDeviceProfileSelector
LogPluginManager: Mounting plugin LocationServicesBPLibrary
LogPluginManager: Mounting plugin MobilePatchingUtils
LogPluginManager: Mounting plugin OpenXR
LogPluginManager: Mounting plugin OpenXREyeTracker
LogPluginManager: Mounting plugin OpenXRHandTracking
LogPluginManager: Mounting plugin PostSplashScreen
LogPluginManager: Mounting plugin PhysXVehicles
LogPluginManager: Mounting plugin ProceduralMeshComponent
LogPluginManager: Mounting plugin PropertyAccessEditor
LogPluginManager: Mounting plugin RuntimePhysXCooking
LogPluginManager: Mounting plugin SignificanceManager
LogPluginManager: Mounting plugin SoundFields
LogPluginManager: Mounting plugin Synthesis
LogPluginManager: Mounting plugin WebMMoviePlayer
LogPluginManager: Mounting plugin WindowsMoviePlayer
LogPluginManager: Mounting plugin Takes
LogPluginManager: Mounting plugin ScreenshotTools
LogPluginManager: Mounting plugin ContentBrowserClassDataSource
LogPluginManager: Mounting plugin ContentBrowserAssetDataSource
LogPluginManager: Mounting plugin ContentBrowserFileDataSource
LogPluginManager: Mounting plugin OnlineSubsystemGooglePlay
LogPluginManager: Mounting plugin OnlineSubsystemIOS
LogPluginManager: Mounting plugin OculusVR
LogPluginManager: Mounting plugin SteamVR
PixWinPlugin: PIX capture plugin failed to initialize! Check that the process is launched from PIX.
LogInit: Using libcurl 7.55.1-DEV
LogInit:  - built for x86_64-pc-win32
LogInit:  - supports SSL with OpenSSL/1.1.1
LogInit:  - supports HTTP deflate (compression) using libz 1.2.8
LogInit:  - other features:
LogInit:      CURL_VERSION_SSL
LogInit:      CURL_VERSION_LIBZ
LogInit:      CURL_VERSION_IPV6
LogInit:      CURL_VERSION_ASYNCHDNS
LogInit:      CURL_VERSION_LARGEFILE
LogInit:      CURL_VERSION_IDN
LogInit:  CurlRequestOptions (configurable via config and command line):
LogInit:  - bVerifyPeer = true  - Libcurl will verify peer certificate
LogInit:  - bUseHttpProxy = false  - Libcurl will NOT use HTTP proxy
LogInit:  - bDontReuseConnections = false  - Libcurl will reuse connections
LogInit:  - MaxHostConnections = 16  - Libcurl will limit the number of connections to a host
LogInit:  - LocalHostAddr = Default
LogInit:  - BufferSize = 65536
LogOnline: OSS: Creating online subsystem instance for: NULL
LogInit: WinSock: version 1.1 (2.2), MaxSocks=32767, MaxUdp=65467
LogOnline: OSS: TryLoadSubsystemAndSetDefault: Loaded subsystem for module [NULL]
LogOculusPluginWrapper: OculusPlugin initialized successfully
LogHMD: Failed initializing OVRPlugin 1.59.0
LogInit: Build: ++UE4+Release-4.27-CL-18319896
LogInit: Engine Version: 4.27.2-18319896+++UE4+Release-4.27
LogInit: Compatible Engine Version: 4.27.0-17155196+++UE4+Release-4.27
LogInit: Net CL: 17155196
LogInit: OS: Windows 10 (Release 2009) (), CPU: Intel(R) Core(TM) i5-7400 CPU @ 3.00GHz, GPU: NVIDIA GeForce GTX 1060 3GB
LogInit: Compiled (64-bit): Nov 30 2021 07:12:08
LogInit: Compiled with Visual C++: 19.24.28315.00
LogInit: Build Configuration: Development
LogInit: Branch Name: ++UE4+Release-4.27
LogInit: Command Line: 
LogInit: Base Directory: C:/Program Files/Epic Games/UE_4.27/Engine/Binaries/Win64/
LogInit: Allocator: TBB
LogInit: Installed Engine Build: 1
LogDevObjectVersion: Number of dev versions registered: 29
LogDevObjectVersion:   Dev-Blueprints (B0D832E4-1F89-4F0D-ACCF-7EB736FD4AA2): 10
LogDevObjectVersion:   Dev-Build (E1C64328-A22C-4D53-A36C-8E866417BD8C): 0
LogDevObjectVersion:   Dev-Core (375EC13C-06E4-48FB-B500-84F0262A717E): 4
LogDevObjectVersion:   Dev-Editor (E4B068ED-F494-42E9-A231-DA0B2E46BB41): 40
LogDevObjectVersion:   Dev-Framework (CFFC743F-43B0-4480-9391-14DF171D2073): 37
LogDevObjectVersion:   Dev-Mobile (B02B49B5-BB20-44E9-A304-32B752E40360): 3
LogDevObjectVersion:   Dev-Networking (A4E4105C-59A1-49B5-A7C5-40C4547EDFEE): 0
LogDevObjectVersion:   Dev-Online (39C831C9-5AE6-47DC-9A44-9C173E1C8E7C): 0
LogDevObjectVersion:   Dev-Physics (78F01B33-EBEA-4F98-B9B4-84EACCB95AA2): 14
LogDevObjectVersion:   Dev-Platform (6631380F-2D4D-43E0-8009-CF276956A95A): 0
LogDevObjectVersion:   Dev-Rendering (12F88B9F-8875-4AFC-A67C-D90C383ABD29): 45
LogDevObjectVersion:   Dev-Sequencer (7B5AE74C-D270-4C10-A958-57980B212A5A): 13
LogDevObjectVersion:   Dev-VR (D7296918-1DD6-4BDD-9DE2-64A83CC13884): 3
LogDevObjectVersion:   Dev-LoadTimes (C2A15278-BFE7-4AFE-6C17-90FF531DF755): 1
LogDevObjectVersion:   Private-Geometry (6EACA3D4-40EC-4CC1-B786-8BED09428FC5): 3
LogDevObjectVersion:   Dev-AnimPhys (29E575DD-E0A3-4627-9D10-D276232CDCEA): 17
LogDevObjectVersion:   Dev-Anim (AF43A65D-7FD3-4947-9873-3E8ED9C1BB05): 15
LogDevObjectVersion:   Dev-ReflectionCapture (6B266CEC-1EC7-4B8F-A30B-E4D90942FC07): 1
LogDevObjectVersion:   Dev-Automation (0DF73D61-A23F-47EA-B727-89E90C41499A): 1
LogDevObjectVersion:   FortniteMain (601D1886-AC64-4F84-AA16-D3DE0DEAC7D6): 47
LogDevObjectVersion:   FortniteRelease (E7086368-6B23-4C58-8439-1B7016265E91): 1
LogDevObjectVersion:   Dev-Enterprise (9DFFBCD6-494F-0158-E221-12823C92A888): 10
LogDevObjectVersion:   Dev-Niagara (F2AED0AC-9AFE-416F-8664-AA7FFA26D6FC): 1
LogDevObjectVersion:   Dev-Destruction (174F1F0B-B4C6-45A5-B13F-2EE8D0FB917D): 10
LogDevObjectVersion:   Dev-Physics-Ext (35F94A83-E258-406C-A318-09F59610247C): 41
LogDevObjectVersion:   Dev-PhysicsMaterial-Chaos (B68FC16E-8B1B-42E2-B453-215C058844FE): 1
LogDevObjectVersion:   Dev-CineCamera (B2E18506-4273-CFC2-A54E-F4BB758BBA07): 1
LogDevObjectVersion:   Dev-VirtualProduction (64F58936-FD1B-42BA-BA96-7289D5D0FA4E): 1
LogDevObjectVersion:   Dev-MediaFramework (6F0ED827-A609-4895-9C91-998D90180EA4): 2
LogInit: Presizing for max 25165824 objects, including 0 objects not considered by GC, pre-allocating 0 bytes for permanent pool.
LogConfig: Applying CVar settings from Section [/Script/Engine.StreamingSettings] File [C:/Users/Delaina/Documents/Unreal Projects/FinalP_Guessing_v2/Saved/Config/Windows/Engine.ini]
LogConfig: Setting CVar [[s.MinBulkDataSizeForAsyncLoading:131072]]
LogConfig: Setting CVar [[s.AsyncLoadingThreadEnabled:0]]
LogConfig: Setting CVar [[s.EventDrivenLoaderEnabled:1]]
LogConfig: Setting CVar [[s.WarnIfTimeLimitExceeded:0]]
LogConfig: Setting CVar [[s.TimeLimitExceededMultiplier:1.5]]
LogConfig: Setting CVar [[s.TimeLimitExceededMinTime:0.005]]
LogConfig: Setting CVar [[s.UseBackgroundLevelStreaming:1]]
LogConfig: Setting CVar [[s.PriorityAsyncLoadingExtraTime:15.0]]
LogConfig: Setting CVar [[s.LevelStreamingActorsUpdateTimeLimit:5.0]]
LogConfig: Setting CVar [[s.PriorityLevelStreamingActorsUpdateExtraTime:5.0]]
LogConfig: Setting CVar [[s.LevelStreamingComponentsRegistrationGranularity:10]]
LogConfig: Setting CVar [[s.UnregisterComponentsTimeLimit:1.0]]
LogConfig: Setting CVar [[s.LevelStreamingComponentsUnregistrationGranularity:5]]
LogConfig: Setting CVar [[s.FlushStreamingOnExit:1]]
LogInit: Object subsystem initialized
LogConfig: Setting CVar [[con.DebugEarlyDefault:1]]
LogConfig: Setting CVar [[r.setres:1280x720]]
[2023.12.14-06.53.10:820][  0]LogConfig: Setting CVar [[r.VSync:0]]
[2023.12.14-06.53.10:820][  0]LogConfig: Setting CVar [[r.RHICmdBypass:0]]
[2023.12.14-06.53.10:820][  0]LogConfig: Applying CVar settings from Section [/Script/Engine.RendererSettings] File [C:/Users/Delaina/Documents/Unreal Projects/FinalP_Guessing_v2/Saved/Config/Windows/Engine.ini]
[2023.12.14-06.53.10:820][  0]LogConfig: Setting CVar [[r.GPUCrashDebugging:0]]
[2023.12.14-06.53.10:820][  0]LogConfig: Applying CVar settings from Section [/Script/Engine.RendererOverrideSettings] File [C:/Users/Delaina/Documents/Unreal Projects/FinalP_Guessing_v2/Saved/Config/Windows/Engine.ini]
[2023.12.14-06.53.10:820][  0]LogConfig: Applying CVar settings from Section [/Script/Engine.StreamingSettings] File [C:/Users/Delaina/Documents/Unreal Projects/FinalP_Guessing_v2/Saved/Config/Windows/Engine.ini]
[2023.12.14-06.53.10:820][  0]LogConfig: Setting CVar [[s.MinBulkDataSizeForAsyncLoading:131072]]
[2023.12.14-06.53.10:820][  0]LogConfig: Setting CVar [[s.AsyncLoadingThreadEnabled:0]]
[2023.12.14-06.53.10:820][  0]LogConfig: Setting CVar [[s.EventDrivenLoaderEnabled:1]]
[2023.12.14-06.53.10:820][  0]LogConfig: Setting CVar [[s.WarnIfTimeLimitExceeded:0]]
[2023.12.14-06.53.10:820][  0]LogConfig: Setting CVar [[s.TimeLimitExceededMultiplier:1.5]]
[2023.12.14-06.53.10:820][  0]LogConfig: Setting CVar [[s.TimeLimitExceededMinTime:0.005]]
[2023.12.14-06.53.10:820][  0]LogConfig: Setting CVar [[s.UseBackgroundLevelStreaming:1]]
[2023.12.14-06.53.10:820][  0]LogConfig: Setting CVar [[s.PriorityAsyncLoadingExtraTime:15.0]]
[2023.12.14-06.53.10:820][  0]LogConfig: Setting CVar [[s.LevelStreamingActorsUpdateTimeLimit:5.0]]
[2023.12.14-06.53.10:820][  0]LogConfig: Setting CVar [[s.PriorityLevelStreamingActorsUpdateExtraTime:5.0]]
[2023.12.14-06.53.10:820][  0]LogConfig: Setting CVar [[s.LevelStreamingComponentsRegistrationGranularity:10]]
[2023.12.14-06.53.10:820][  0]LogConfig: Setting CVar [[s.UnregisterComponentsTimeLimit:1.0]]
[2023.12.14-06.53.10:820][  0]LogConfig: Setting CVar [[s.LevelStreamingComponentsUnregistrationGranularity:5]]
[2023.12.14-06.53.10:820][  0]LogConfig: Setting CVar [[s.FlushStreamingOnExit:1]]
[2023.12.14-06.53.10:820][  0]LogConfig: Applying CVar settings from Section [/Script/Engine.GarbageCollectionSettings] File [C:/Users/Delaina/Documents/Unreal Projects/FinalP_Guessing_v2/Saved/Config/Windows/Engine.ini]
[2023.12.14-06.53.10:820][  0]LogConfig: Setting CVar [[gc.MaxObjectsNotConsideredByGC:1]]
[2023.12.14-06.53.10:820][  0]LogConfig: Setting CVar [[gc.SizeOfPermanentObjectPool:0]]
[2023.12.14-06.53.10:820][  0]LogConfig: Setting CVar [[gc.FlushStreamingOnGC:0]]
[2023.12.14-06.53.10:820][  0]LogConfig: Setting CVar [[gc.NumRetriesBeforeForcingGC:10]]
[2023.12.14-06.53.10:820][  0]LogConfig: Setting CVar [[gc.AllowParallelGC:1]]
[2023.12.14-06.53.10:820][  0]LogConfig: Setting CVar [[gc.TimeBetweenPurgingPendingKillObjects:61.1]]
[2023.12.14-06.53.10:820][  0]LogConfig: Setting CVar [[gc.MaxObjectsInEditor:25165824]]
[2023.12.14-06.53.10:820][  0]LogConfig: Setting CVar [[gc.IncrementalBeginDestroyEnabled:1]]
[2023.12.14-06.53.10:820][  0]LogConfig: Setting CVar [[gc.CreateGCClusters:1]]
[2023.12.14-06.53.10:820][  0]LogConfig: Setting CVar [[gc.MinGCClusterSize:5]]
[2023.12.14-06.53.10:820][  0]LogConfig: Setting CVar [[gc.ActorClusteringEnabled:0]]
[2023.12.14-06.53.10:820][  0]LogConfig: Setting CVar [[gc.BlueprintClusteringEnabled:0]]
[2023.12.14-06.53.10:820][  0]LogConfig: Setting CVar [[gc.UseDisregardForGCOnDedicatedServers:0]]
[2023.12.14-06.53.10:820][  0]LogConfig: Setting CVar [[gc.MultithreadedDestructionEnabled:1]]
[2023.12.14-06.53.10:820][  0]LogConfig: Applying CVar settings from Section [/Script/Engine.NetworkSettings] File [C:/Users/Delaina/Documents/Unreal Projects/FinalP_Guessing_v2/Saved/Config/Windows/Engine.ini]
[2023.12.14-06.53.10:820][  0]LogConfig: Applying CVar settings from Section [/Script/UnrealEd.CookerSettings] File [C:/Users/Delaina/Documents/Unreal Projects/FinalP_Guessing_v2/Saved/Config/Windows/Engine.ini]
[2023.12.14-06.53.10:828][  0]LogConfig: Applying CVar settings from Section [ViewDistanceQuality@3] File [C:/Users/Delaina/Documents/Unreal Projects/FinalP_Guessing_v2/Saved/Config/Windows/Scalability.ini]
[2023.12.14-06.53.10:828][  0]LogConfig: Setting CVar [[r.SkeletalMeshLODBias:0]]
[2023.12.14-06.53.10:828][  0]LogConfig: Setting CVar [[r.ViewDistanceScale:1.0]]
[2023.12.14-06.53.10:828][  0]LogConfig: Applying CVar settings from Section [AntiAliasingQuality@3] File [C:/Users/Delaina/Documents/Unreal Projects/FinalP_Guessing_v2/Saved/Config/Windows/Scalability.ini]
[2023.12.14-06.53.10:828][  0]LogConfig: Setting CVar [[r.PostProcessAAQuality:4]]
[2023.12.14-06.53.10:829][  0]LogConfig: Applying CVar settings from Section [ShadowQuality@3] File [C:/Users/Delaina/Documents/Unreal Projects/FinalP_Guessing_v2/Saved/Config/Windows/Scalability.ini]
[2023.12.14-06.53.10:829][  0]LogConfig: Setting CVar [[r.LightFunctionQuality:1]]
[2023.12.14-06.53.10:829][  0]LogConfig: Setting CVar [[r.ShadowQuality:5]]
[2023.12.14-06.53.10:829][  0]LogConfig: Setting CVar [[r.Shadow.CSM.MaxCascades:10]]
[2023.12.14-06.53.10:829][  0]LogConfig: Setting CVar [[r.Shadow.MaxResolution:2048]]
[2023.12.14-06.53.10:829][  0]LogConfig: Setting CVar [[r.Shadow.MaxCSMResolution:2048]]
[2023.12.14-06.53.10:829][  0]LogConfig: Setting CVar [[r.Shadow.RadiusThreshold:0.01]]
[2023.12.14-06.53.10:829][  0]LogConfig: Setting CVar [[r.Shadow.DistanceScale:1.0]]
[2023.12.14-06.53.10:829][  0]LogConfig: Setting CVar [[r.Shadow.CSM.TransitionScale:1.0]]
[2023.12.14-06.53.10:829][  0]LogConfig: Setting CVar [[r.Shadow.PreShadowResolutionFactor:1.0]]
[2023.12.14-06.53.10:829][  0]LogConfig: Setting CVar [[r.DistanceFieldShadowing:1]]
[2023.12.14-06.53.10:829][  0]LogConfig: Setting CVar [[r.DistanceFieldAO:1]]
[2023.12.14-06.53.10:829][  0]LogConfig: Setting CVar [[r.AOQuality:2]]
[2023.12.14-06.53.10:829][  0]LogConfig: Setting CVar [[r.VolumetricFog:1]]
[2023.12.14-06.53.10:829][  0]LogConfig: Setting CVar [[r.VolumetricFog.GridPixelSize:8]]
[2023.12.14-06.53.10:829][  0]LogConfig: Setting CVar [[r.VolumetricFog.GridSizeZ:128]]
[2023.12.14-06.53.10:829][  0]LogConfig: Setting CVar [[r.VolumetricFog.HistoryMissSupersampleCount:4]]
[2023.12.14-06.53.10:829][  0]LogConfig: Setting CVar [[r.LightMaxDrawDistanceScale:1]]
[2023.12.14-06.53.10:829][  0]LogConfig: Setting CVar [[r.CapsuleShadows:1]]
[2023.12.14-06.53.10:829][  0]LogConfig: Applying CVar settings from Section [PostProcessQuality@3] File [C:/Users/Delaina/Documents/Unreal Projects/FinalP_Guessing_v2/Saved/Config/Windows/Scalability.ini]
[2023.12.14-06.53.10:829][  0]LogConfig: Setting CVar [[r.MotionBlurQuality:4]]
[2023.12.14-06.53.10:829][  0]LogConfig: Setting CVar [[r.AmbientOcclusionMipLevelFactor:0.4]]
[2023.12.14-06.53.10:829][  0]LogConfig: Setting CVar [[r.AmbientOcclusionMaxQuality:100]]
[2023.12.14-06.53.10:829][  0]LogConfig: Setting CVar [[r.AmbientOcclusionLevels:-1]]
[2023.12.14-06.53.10:829][  0]LogConfig: Setting CVar [[r.AmbientOcclusionRadiusScale:1.0]]
[2023.12.14-06.53.10:829][  0]LogConfig: Setting CVar [[r.DepthOfFieldQuality:2]]
[2023.12.14-06.53.10:829][  0]LogConfig: Setting CVar [[r.RenderTargetPoolMin:400]]
[2023.12.14-06.53.10:829][  0]LogConfig: Setting CVar [[r.LensFlareQuality:2]]
[2023.12.14-06.53.10:829][  0]LogConfig: Setting CVar [[r.SceneColorFringeQuality:1]]
[2023.12.14-06.53.10:829][  0]LogConfig: Setting CVar [[r.EyeAdaptationQuality:2]]
[2023.12.14-06.53.10:829][  0]LogConfig: Setting CVar [[r.BloomQuality:5]]
[2023.12.14-06.53.10:829][  0]LogConfig: Setting CVar [[r.FastBlurThreshold:100]]
[2023.12.14-06.53.10:829][  0]LogConfig: Setting CVar [[r.Upscale.Quality:3]]
[2023.12.14-06.53.10:829][  0]LogConfig: Setting CVar [[r.Tonemapper.GrainQuantization:1]]
[2023.12.14-06.53.10:829][  0]LogConfig: Setting CVar [[r.LightShaftQuality:1]]
[2023.12.14-06.53.10:829][  0]LogConfig: Setting CVar [[r.Filter.SizeScale:1]]
[2023.12.14-06.53.10:829][  0]LogConfig: Setting CVar [[r.Tonemapper.Quality:5]]
[2023.12.14-06.53.10:829][  0]LogConfig: Setting CVar [[r.DOF.Gather.AccumulatorQuality:1        ; higher gathering accumulator quality]]
[2023.12.14-06.53.10:829][  0]LogConfig: Setting CVar [[r.DOF.Gather.PostfilterMethod:1          ; Median3x3 postfilering method]]
[2023.12.14-06.53.10:829][  0]LogConfig: Setting CVar [[r.DOF.Gather.EnableBokehSettings:0       ; no bokeh simulation when gathering]]
[2023.12.14-06.53.10:829][  0]LogConfig: Setting CVar [[r.DOF.Gather.RingCount:4                 ; medium number of samples when gathering]]
[2023.12.14-06.53.10:829][  0]LogConfig: Setting CVar [[r.DOF.Scatter.ForegroundCompositing:1    ; additive foreground scattering]]
[2023.12.14-06.53.10:829][  0]LogConfig: Setting CVar [[r.DOF.Scatter.BackgroundCompositing:2    ; additive background scattering]]
[2023.12.14-06.53.10:829][  0]LogConfig: Setting CVar [[r.DOF.Scatter.EnableBokehSettings:1      ; bokeh simulation when scattering]]
[2023.12.14-06.53.10:829][  0]LogConfig: Setting CVar [[r.DOF.Scatter.MaxSpriteRatio:0.1         ; only a maximum of 10% of scattered bokeh]]
[2023.12.14-06.53.10:829][  0]LogConfig: Setting CVar [[r.DOF.Recombine.Quality:1                ; cheap slight out of focus]]
[2023.12.14-06.53.10:829][  0]LogConfig: Setting CVar [[r.DOF.Recombine.EnableBokehSettings:0    ; no bokeh simulation on slight out of focus]]
[2023.12.14-06.53.10:829][  0]LogConfig: Setting CVar [[r.DOF.TemporalAAQuality:1                ; more stable temporal accumulation]]
[2023.12.14-06.53.10:829][  0]LogConfig: Setting CVar [[r.DOF.Kernel.MaxForegroundRadius:0.025]]
[2023.12.14-06.53.10:829][  0]LogConfig: Setting CVar [[r.DOF.Kernel.MaxBackgroundRadius:0.025]]
[2023.12.14-06.53.10:829][  0]LogConfig: Applying CVar settings from Section [TextureQuality@3] File [C:/Users/Delaina/Documents/Unreal Projects/FinalP_Guessing_v2/Saved/Config/Windows/Scalability.ini]
[2023.12.14-06.53.10:829][  0]LogConfig: Setting CVar [[r.Streaming.MipBias:0]]
[2023.12.14-06.53.10:829][  0]LogConfig: Setting CVar [[r.Streaming.AmortizeCPUToGPUCopy:0]]
[2023.12.14-06.53.10:829][  0]LogConfig: Setting CVar [[r.Streaming.MaxNumTexturesToStreamPerFrame:0]]
[2023.12.14-06.53.10:829][  0]LogConfig: Setting CVar [[r.Streaming.Boost:1]]
[2023.12.14-06.53.10:829][  0]LogConfig: Setting CVar [[r.MaxAnisotropy:8]]
[2023.12.14-06.53.10:829][  0]LogConfig: Setting CVar [[r.VT.MaxAnisotropy:8]]
[2023.12.14-06.53.10:829][  0]LogConfig: Setting CVar [[r.Streaming.LimitPoolSizeToVRAM:0]]
[2023.12.14-06.53.10:829][  0]LogConfig: Setting CVar [[r.Streaming.PoolSize:1000]]
[2023.12.14-06.53.10:829][  0]LogConfig: Setting CVar [[r.Streaming.MaxEffectiveScreenSize:0]]
[2023.12.14-06.53.10:829][  0]LogConfig: Applying CVar settings from Section [EffectsQuality@3] File [C:/Users/Delaina/Documents/Unreal Projects/FinalP_Guessing_v2/Saved/Config/Windows/Scalability.ini]
[2023.12.14-06.53.10:830][  0]LogConfig: Setting CVar [[r.TranslucencyLightingVolumeDim:64]]
[2023.12.14-06.53.10:830][  0]LogConfig: Setting CVar [[r.RefractionQuality:2]]
[2023.12.14-06.53.10:830][  0]LogConfig: Setting CVar [[r.SSR.Quality:3]]
[2023.12.14-06.53.10:830][  0]LogConfig: Setting CVar [[r.SSR.HalfResSceneColor:0]]
[2023.12.14-06.53.10:830][  0]LogConfig: Setting CVar [[r.SceneColorFormat:4]]
[2023.12.14-06.53.10:830][  0]LogConfig: Setting CVar [[r.DetailMode:2]]
[2023.12.14-06.53.10:830][  0]LogConfig: Setting CVar [[r.TranslucencyVolumeBlur:1]]
[2023.12.14-06.53.10:830][  0]LogConfig: Setting CVar [[r.MaterialQualityLevel:1 ; High quality]]
[2023.12.14-06.53.10:830][  0]LogConfig: Setting CVar [[r.AnisotropicMaterials:1]]
[2023.12.14-06.53.10:830][  0]LogConfig: Setting CVar [[r.SSS.Scale:1]]
[2023.12.14-06.53.10:830][  0]LogConfig: Setting CVar [[r.SSS.SampleSet:2]]
[2023.12.14-06.53.10:830][  0]LogConfig: Setting CVar [[r.SSS.Quality:1]]
[2023.12.14-06.53.10:830][  0]LogConfig: Setting CVar [[r.SSS.HalfRes:0]]
[2023.12.14-06.53.10:830][  0]LogConfig: Setting CVar [[r.SSGI.Quality:3]]
[2023.12.14-06.53.10:830][  0]LogConfig: Setting CVar [[r.EmitterSpawnRateScale:1.0]]
[2023.12.14-06.53.10:830][  0]LogConfig: Setting CVar [[r.ParticleLightQuality:2]]
[2023.12.14-06.53.10:830][  0]LogConfig: Setting CVar [[r.SkyAtmosphere.AerialPerspectiveLUT.FastApplyOnOpaque:1 ; Always have FastSkyLUT 1 in this case to avoid wrong sky]]
[2023.12.14-06.53.10:830][  0]LogConfig: Setting CVar [[r.SkyAtmosphere.AerialPerspectiveLUT.SampleCountMaxPerSlice:4]]
[2023.12.14-06.53.10:830][  0]LogConfig: Setting CVar [[r.SkyAtmosphere.AerialPerspectiveLUT.DepthResolution:16.0]]
[2023.12.14-06.53.10:830][  0]LogConfig: Setting CVar [[r.SkyAtmosphere.FastSkyLUT:1]]
[2023.12.14-06.53.10:830][  0]LogConfig: Setting CVar [[r.SkyAtmosphere.FastSkyLUT.SampleCountMin:4.0]]
[2023.12.14-06.53.10:830][  0]LogConfig: Setting CVar [[r.SkyAtmosphere.FastSkyLUT.SampleCountMax:128.0]]
[2023.12.14-06.53.10:830][  0]LogConfig: Setting CVar [[r.SkyAtmosphere.SampleCountMin:4.0]]
[2023.12.14-06.53.10:830][  0]LogConfig: Setting CVar [[r.SkyAtmosphere.SampleCountMax:128.0]]
[2023.12.14-06.53.10:830][  0]LogConfig: Setting CVar [[r.SkyAtmosphere.TransmittanceLUT.UseSmallFormat:0]]
[2023.12.14-06.53.10:830][  0]LogConfig: Setting CVar [[r.SkyAtmosphere.TransmittanceLUT.SampleCount:10.0]]
[2023.12.14-06.53.10:830][  0]LogConfig: Setting CVar [[r.SkyAtmosphere.MultiScatteringLUT.SampleCount:15.0]]
[2023.12.14-06.53.10:830][  0]LogConfig: Setting CVar [[r.SkyLight.RealTimeReflectionCapture:1]]
[2023.12.14-06.53.10:830][  0]LogConfig: Applying CVar settings from Section [FoliageQuality@3] File [C:/Users/Delaina/Documents/Unreal Projects/FinalP_Guessing_v2/Saved/Config/Windows/Scalability.ini]
[2023.12.14-06.53.10:830][  0]LogConfig: Setting CVar [[foliage.DensityScale:1.0]]
[2023.12.14-06.53.10:830][  0]LogConfig: Setting CVar [[grass.DensityScale:1.0]]
[2023.12.14-06.53.10:830][  0]LogConfig: Applying CVar settings from Section [ShadingQuality@3] File [C:/Users/Delaina/Documents/Unreal Projects/FinalP_Guessing_v2/Saved/Config/Windows/Scalability.ini]
[2023.12.14-06.53.10:830][  0]LogConfig: Setting CVar [[r.HairStrands.SkyLighting.IntegrationType:2]]
[2023.12.14-06.53.10:830][  0]LogConfig: Setting CVar [[r.HairStrands.SkyAO.SampleCount:4]]
[2023.12.14-06.53.10:830][  0]LogConfig: Setting CVar [[r.HairStrands.Visibility.MSAA.SamplePerPixel:4]]
[2023.12.14-06.53.10:830][  0]LogInit: Selected Device Profile: [Windows]
[2023.12.14-06.53.10:830][  0]LogInit: Applying CVar settings loaded from the selected device profile: [Windows]
[2023.12.14-06.53.10:830][  0]LogHAL: Display: Platform has ~ 12 GB [12839247872 / 17179869184 / 12], which maps to Larger [LargestMinGB=32, LargerMinGB=12, DefaultMinGB=8, SmallerMinGB=6, SmallestMinGB=0)
[2023.12.14-06.53.10:830][  0]LogInit: Going up to parent DeviceProfile []
[2023.12.14-06.53.10:830][  0]LogConfig: Applying CVar settings from Section [ViewDistanceQuality@3] File [C:/Users/Delaina/Documents/Unreal Projects/FinalP_Guessing_v2/Saved/Config/Windows/Scalability.ini]
[2023.12.14-06.53.10:830][  0]LogConfig: Setting CVar [[r.SkeletalMeshLODBias:0]]
[2023.12.14-06.53.10:830][  0]LogConfig: Setting CVar [[r.ViewDistanceScale:1.0]]
[2023.12.14-06.53.10:830][  0]LogConfig: Applying CVar settings from Section [AntiAliasingQuality@3] File [C:/Users/Delaina/Documents/Unreal Projects/FinalP_Guessing_v2/Saved/Config/Windows/Scalability.ini]
[2023.12.14-06.53.10:830][  0]LogConfig: Setting CVar [[r.PostProcessAAQuality:4]]
[2023.12.14-06.53.10:830][  0]LogConfig: Applying CVar settings from Section [ShadowQuality@3] File [C:/Users/Delaina/Documents/Unreal Projects/FinalP_Guessing_v2/Saved/Config/Windows/Scalability.ini]
[2023.12.14-06.53.10:831][  0]LogConfig: Setting CVar [[r.LightFunctionQuality:1]]
[2023.12.14-06.53.10:831][  0]LogConfig: Setting CVar [[r.ShadowQuality:5]]
[2023.12.14-06.53.10:831][  0]LogConfig: Setting CVar [[r.Shadow.CSM.MaxCascades:10]]
[2023.12.14-06.53.10:831][  0]LogConfig: Setting CVar [[r.Shadow.MaxResolution:2048]]
[2023.12.14-06.53.10:831][  0]LogConfig: Setting CVar [[r.Shadow.MaxCSMResolution:2048]]
[2023.12.14-06.53.10:831][  0]LogConfig: Setting CVar [[r.Shadow.RadiusThreshold:0.01]]
[2023.12.14-06.53.10:831][  0]LogConfig: Setting CVar [[r.Shadow.DistanceScale:1.0]]
[2023.12.14-06.53.10:831][  0]LogConfig: Setting CVar [[r.Shadow.CSM.TransitionScale:1.0]]
[2023.12.14-06.53.10:831][  0]LogConfig: Setting CVar [[r.Shadow.PreShadowResolutionFactor:1.0]]
[2023.12.14-06.53.10:831][  0]LogConfig: Setting CVar [[r.DistanceFieldShadowing:1]]
[2023.12.14-06.53.10:831][  0]LogConfig: Setting CVar [[r.DistanceFieldAO:1]]
[2023.12.14-06.53.10:831][  0]LogConfig: Setting CVar [[r.AOQuality:2]]
[2023.12.14-06.53.10:831][  0]LogConfig: Setting CVar [[r.VolumetricFog:1]]
[2023.12.14-06.53.10:831][  0]LogConfig: Setting CVar [[r.VolumetricFog.GridPixelSize:8]]
[2023.12.14-06.53.10:831][  0]LogConfig: Setting CVar [[r.VolumetricFog.GridSizeZ:128]]
[2023.12.14-06.53.10:831][  0]LogConfig: Setting CVar [[r.VolumetricFog.HistoryMissSupersampleCount:4]]
[2023.12.14-06.53.10:831][  0]LogConfig: Setting CVar [[r.LightMaxDrawDistanceScale:1]]
[2023.12.14-06.53.10:831][  0]LogConfig: Setting CVar [[r.CapsuleShadows:1]]
[2023.12.14-06.53.10:831][  0]LogConfig: Applying CVar settings from Section [PostProcessQuality@3] File [C:/Users/Delaina/Documents/Unreal Projects/FinalP_Guessing_v2/Saved/Config/Windows/Scalability.ini]
[2023.12.14-06.53.10:831][  0]LogConfig: Setting CVar [[r.MotionBlurQuality:4]]
[2023.12.14-06.53.10:831][  0]LogConfig: Setting CVar [[r.AmbientOcclusionMipLevelFactor:0.4]]
[2023.12.14-06.53.10:831][  0]LogConfig: Setting CVar [[r.AmbientOcclusionMaxQuality:100]]
[2023.12.14-06.53.10:831][  0]LogConfig: Setting CVar [[r.AmbientOcclusionLevels:-1]]
[2023.12.14-06.53.10:831][  0]LogConfig: Setting CVar [[r.AmbientOcclusionRadiusScale:1.0]]
[2023.12.14-06.53.10:831][  0]LogConfig: Setting CVar [[r.DepthOfFieldQuality:2]]
[2023.12.14-06.53.10:831][  0]LogConfig: Setting CVar [[r.RenderTargetPoolMin:400]]
[2023.12.14-06.53.10:831][  0]LogConfig: Setting CVar [[r.LensFlareQuality:2]]
[2023.12.14-06.53.10:831][  0]LogConfig: Setting CVar [[r.SceneColorFringeQuality:1]]
[2023.12.14-06.53.10:831][  0]LogConfig: Setting CVar [[r.EyeAdaptationQuality:2]]
[2023.12.14-06.53.10:831][  0]LogConfig: Setting CVar [[r.BloomQuality:5]]
[2023.12.14-06.53.10:831][  0]LogConfig: Setting CVar [[r.FastBlurThreshold:100]]
[2023.12.14-06.53.10:831][  0]LogConfig: Setting CVar [[r.Upscale.Quality:3]]
[2023.12.14-06.53.10:831][  0]LogConfig: Setting CVar [[r.Tonemapper.GrainQuantization:1]]
[2023.12.14-06.53.10:831][  0]LogConfig: Setting CVar [[r.LightShaftQuality:1]]
[2023.12.14-06.53.10:831][  0]LogConfig: Setting CVar [[r.Filter.SizeScale:1]]
[2023.12.14-06.53.10:831][  0]LogConfig: Setting CVar [[r.Tonemapper.Quality:5]]
[2023.12.14-06.53.10:831][  0]LogConfig: Setting CVar [[r.DOF.Gather.AccumulatorQuality:1        ; higher gathering accumulator quality]]
[2023.12.14-06.53.10:831][  0]LogConfig: Setting CVar [[r.DOF.Gather.PostfilterMethod:1          ; Median3x3 postfilering method]]
[2023.12.14-06.53.10:831][  0]LogConfig: Setting CVar [[r.DOF.Gather.EnableBokehSettings:0       ; no bokeh simulation when gathering]]
[2023.12.14-06.53.10:831][  0]LogConfig: Setting CVar [[r.DOF.Gather.RingCount:4                 ; medium number of samples when gathering]]
[2023.12.14-06.53.10:831][  0]LogConfig: Setting CVar [[r.DOF.Scatter.ForegroundCompositing:1    ; additive foreground scattering]]
[2023.12.14-06.53.10:831][  0]LogConfig: Setting CVar [[r.DOF.Scatter.BackgroundCompositing:2    ; additive background scattering]]
[2023.12.14-06.53.10:831][  0]LogConfig: Setting CVar [[r.DOF.Scatter.EnableBokehSettings:1      ; bokeh simulation when scattering]]
[2023.12.14-06.53.10:831][  0]LogConfig: Setting CVar [[r.DOF.Scatter.MaxSpriteRatio:0.1         ; only a maximum of 10% of scattered bokeh]]
[2023.12.14-06.53.10:831][  0]LogConfig: Setting CVar [[r.DOF.Recombine.Quality:1                ; cheap slight out of focus]]
[2023.12.14-06.53.10:831][  0]LogConfig: Setting CVar [[r.DOF.Recombine.EnableBokehSettings:0    ; no bokeh simulation on slight out of focus]]
[2023.12.14-06.53.10:831][  0]LogConfig: Setting CVar [[r.DOF.TemporalAAQuality:1                ; more stable temporal accumulation]]
[2023.12.14-06.53.10:831][  0]LogConfig: Setting CVar [[r.DOF.Kernel.MaxForegroundRadius:0.025]]
[2023.12.14-06.53.10:831][  0]LogConfig: Setting CVar [[r.DOF.Kernel.MaxBackgroundRadius:0.025]]
[2023.12.14-06.53.10:831][  0]LogConfig: Applying CVar settings from Section [TextureQuality@3] File [C:/Users/Delaina/Documents/Unreal Projects/FinalP_Guessing_v2/Saved/Config/Windows/Scalability.ini]
[2023.12.14-06.53.10:831][  0]LogConfig: Setting CVar [[r.Streaming.MipBias:0]]
[2023.12.14-06.53.10:831][  0]LogConfig: Setting CVar [[r.Streaming.AmortizeCPUToGPUCopy:0]]
[2023.12.14-06.53.10:831][  0]LogConfig: Setting CVar [[r.Streaming.MaxNumTexturesToStreamPerFrame:0]]
[2023.12.14-06.53.10:831][  0]LogConfig: Setting CVar [[r.Streaming.Boost:1]]
[2023.12.14-06.53.10:831][  0]LogConfig: Setting CVar [[r.MaxAnisotropy:8]]
[2023.12.14-06.53.10:831][  0]LogConfig: Setting CVar [[r.VT.MaxAnisotropy:8]]
[2023.12.14-06.53.10:831][  0]LogConfig: Setting CVar [[r.Streaming.LimitPoolSizeToVRAM:0]]
[2023.12.14-06.53.10:831][  0]LogConfig: Setting CVar [[r.Streaming.PoolSize:1000]]
[2023.12.14-06.53.10:831][  0]LogConfig: Setting CVar [[r.Streaming.MaxEffectiveScreenSize:0]]
[2023.12.14-06.53.10:831][  0]LogConfig: Applying CVar settings from Section [EffectsQuality@3] File [C:/Users/Delaina/Documents/Unreal Projects/FinalP_Guessing_v2/Saved/Config/Windows/Scalability.ini]
[2023.12.14-06.53.10:831][  0]LogConfig: Setting CVar [[r.TranslucencyLightingVolumeDim:64]]
[2023.12.14-06.53.10:831][  0]LogConfig: Setting CVar [[r.RefractionQuality:2]]
[2023.12.14-06.53.10:831][  0]LogConfig: Setting CVar [[r.SSR.Quality:3]]
[2023.12.14-06.53.10:831][  0]LogConfig: Setting CVar [[r.SSR.HalfResSceneColor:0]]
[2023.12.14-06.53.10:831][  0]LogConfig: Setting CVar [[r.SceneColorFormat:4]]
[2023.12.14-06.53.10:831][  0]LogConfig: Setting CVar [[r.DetailMode:2]]
[2023.12.14-06.53.10:831][  0]LogConfig: Setting CVar [[r.TranslucencyVolumeBlur:1]]
[2023.12.14-06.53.10:831][  0]LogConfig: Setting CVar [[r.MaterialQualityLevel:1 ; High quality]]
[2023.12.14-06.53.10:831][  0]LogConfig: Setting CVar [[r.AnisotropicMaterials:1]]
[2023.12.14-06.53.10:831][  0]LogConfig: Setting CVar [[r.SSS.Scale:1]]
[2023.12.14-06.53.10:831][  0]LogConfig: Setting CVar [[r.SSS.SampleSet:2]]
[2023.12.14-06.53.10:831][  0]LogConfig: Setting CVar [[r.SSS.Quality:1]]
[2023.12.14-06.53.10:831][  0]LogConfig: Setting CVar [[r.SSS.HalfRes:0]]
[2023.12.14-06.53.10:831][  0]LogConfig: Setting CVar [[r.SSGI.Quality:3]]
[2023.12.14-06.53.10:831][  0]LogConfig: Setting CVar [[r.EmitterSpawnRateScale:1.0]]
[2023.12.14-06.53.10:832][  0]LogConfig: Setting CVar [[r.ParticleLightQuality:2]]
[2023.12.14-06.53.10:832][  0]LogConfig: Setting CVar [[r.SkyAtmosphere.AerialPerspectiveLUT.FastApplyOnOpaque:1 ; Always have FastSkyLUT 1 in this case to avoid wrong sky]]
[2023.12.14-06.53.10:832][  0]LogConfig: Setting CVar [[r.SkyAtmosphere.AerialPerspectiveLUT.SampleCountMaxPerSlice:4]]
[2023.12.14-06.53.10:832][  0]LogConfig: Setting CVar [[r.SkyAtmosphere.AerialPerspectiveLUT.DepthResolution:16.0]]
[2023.12.14-06.53.10:832][  0]LogConfig: Setting CVar [[r.SkyAtmosphere.FastSkyLUT:1]]
[2023.12.14-06.53.10:832][  0]LogConfig: Setting CVar [[r.SkyAtmosphere.FastSkyLUT.SampleCountMin:4.0]]
[2023.12.14-06.53.10:832][  0]LogConfig: Setting CVar [[r.SkyAtmosphere.FastSkyLUT.SampleCountMax:128.0]]
[2023.12.14-06.53.10:832][  0]LogConfig: Setting CVar [[r.SkyAtmosphere.SampleCountMin:4.0]]
[2023.12.14-06.53.10:832][  0]LogConfig: Setting CVar [[r.SkyAtmosphere.SampleCountMax:128.0]]
[2023.12.14-06.53.10:832][  0]LogConfig: Setting CVar [[r.SkyAtmosphere.TransmittanceLUT.UseSmallFormat:0]]
[2023.12.14-06.53.10:832][  0]LogConfig: Setting CVar [[r.SkyAtmosphere.TransmittanceLUT.SampleCount:10.0]]
[2023.12.14-06.53.10:832][  0]LogConfig: Setting CVar [[r.SkyAtmosphere.MultiScatteringLUT.SampleCount:15.0]]
[2023.12.14-06.53.10:832][  0]LogConfig: Setting CVar [[r.SkyLight.RealTimeReflectionCapture:1]]
[2023.12.14-06.53.10:832][  0]LogConfig: Applying CVar settings from Section [FoliageQuality@3] File [C:/Users/Delaina/Documents/Unreal Projects/FinalP_Guessing_v2/Saved/Config/Windows/Scalability.ini]
[2023.12.14-06.53.10:832][  0]LogConfig: Setting CVar [[foliage.DensityScale:1.0]]
[2023.12.14-06.53.10:832][  0]LogConfig: Setting CVar [[grass.DensityScale:1.0]]
[2023.12.14-06.53.10:832][  0]LogConfig: Applying CVar settings from Section [ShadingQuality@3] File [C:/Users/Delaina/Documents/Unreal Projects/FinalP_Guessing_v2/Saved/Config/Windows/Scalability.ini]
[2023.12.14-06.53.10:832][  0]LogConfig: Setting CVar [[r.HairStrands.SkyLighting.IntegrationType:2]]
[2023.12.14-06.53.10:832][  0]LogConfig: Setting CVar [[r.HairStrands.SkyAO.SampleCount:4]]
[2023.12.14-06.53.10:832][  0]LogConfig: Setting CVar [[r.HairStrands.Visibility.MSAA.SamplePerPixel:4]]
[2023.12.14-06.53.10:832][  0]LogConfig: Applying CVar settings from Section [Startup] File [../../../Engine/Config/ConsoleVariables.ini]
[2023.12.14-06.53.10:832][  0]LogConfig: Setting CVar [[net.UseAdaptiveNetUpdateFrequency:0]]
[2023.12.14-06.53.10:832][  0]LogConfig: Setting CVar [[p.chaos.AllowCreatePhysxBodies:1]]
[2023.12.14-06.53.10:832][  0]LogConfig: Setting CVar [[fx.SkipVectorVMBackendOptimizations:1]]
[2023.12.14-06.53.10:832][  0]LogConfig: Applying CVar settings from Section [ConsoleVariables] File [C:/Users/Delaina/Documents/Unreal Projects/FinalP_Guessing_v2/Saved/Config/Windows/Engine.ini]
[2023.12.14-06.53.10:832][  0]LogConfig: Applying CVar settings from Section [ConsoleVariables] File [C:/Users/Delaina/Documents/Unreal Projects/FinalP_Guessing_v2/Saved/Config/Windows/Editor.ini]
[2023.12.14-06.53.10:832][  0]LogInit: Computer: DESKTOP-3RGIRB9
[2023.12.14-06.53.10:832][  0]LogInit: User: Delaina
[2023.12.14-06.53.10:832][  0]LogInit: CPU Page size=4096, Cores=4
[2023.12.14-06.53.10:832][  0]LogInit: High frequency timer resolution =10.000000 MHz
[2023.12.14-06.53.10:832][  0]LogMemory: Memory total: Physical=12.0GB (12GB approx)
[2023.12.14-06.53.10:832][  0]LogMemory: Platform Memory Stats for Windows
[2023.12.14-06.53.10:832][  0]LogMemory: Process Physical Memory: 141.11 MB used, 141.11 MB peak
[2023.12.14-06.53.10:832][  0]LogMemory: Process Virtual Memory: 113.38 MB used, 113.38 MB peak
[2023.12.14-06.53.10:832][  0]LogMemory: Physical Memory: 6941.75 MB used,  5302.71 MB free, 12244.46 MB total
[2023.12.14-06.53.10:832][  0]LogMemory: Virtual Memory: 134209032.00 MB used,  8699.27 MB free, 134217728.00 MB total
[2023.12.14-06.53.10:837][  0]LogWindows: WindowsPlatformFeatures enabled
[2023.12.14-06.53.10:863][  0]LogInit: Physics initialised using underlying interface: PhysX
[2023.12.14-06.53.10:864][  0]LogInit: Using OS detected language (en-US).
[2023.12.14-06.53.10:864][  0]LogInit: Using OS detected locale (en-US).
[2023.12.14-06.53.10:868][  0]LogTextLocalizationManager: No specific localization for 'en-US' exists, so the 'en' localization will be used.
[2023.12.14-06.53.11:113][  0]LogInit: Setting process to per monitor DPI aware
[2023.12.14-06.53.11:129][  0]LogWindowsTextInputMethodSystem: Display: IME system deactivated.
[2023.12.14-06.53.11:144][  0]LogSlate: New Slate User Created.  User Index 0, Is Virtual User: 0
[2023.12.14-06.53.11:144][  0]LogSlate: Slate User Registered.  User Index 0, Is Virtual User: 0
[2023.12.14-06.53.11:292][  0]LogD3D11RHI: Loaded GFSDK_Aftermath_Lib.x64.dll
[2023.12.14-06.53.11:295][  0]LogHMD: Failed to initialize OpenVR with code 110
[2023.12.14-06.53.11:295][  0]LogD3D11RHI: D3D11 min allowed feature level: 11_0
[2023.12.14-06.53.11:295][  0]LogD3D11RHI: D3D11 max allowed feature level: 11_0
[2023.12.14-06.53.11:295][  0]LogD3D11RHI: D3D11 adapters:
[2023.12.14-06.53.11:477][  0]LogD3D11RHI:    0. 'NVIDIA GeForce GTX 1060 3GB' (Feature Level 11_0)
[2023.12.14-06.53.11:477][  0]LogD3D11RHI:       2979/0/6122 MB DedicatedVideo/DedicatedSystem/SharedSystem, Outputs:1, VendorId:0x10de
[2023.12.14-06.53.11:480][  0]LogD3D11RHI:    1. 'Microsoft Basic Render Driver' (Feature Level 11_0)
[2023.12.14-06.53.11:480][  0]LogD3D11RHI:       0/0/6122 MB DedicatedVideo/DedicatedSystem/SharedSystem, Outputs:0, VendorId:0x1414
[2023.12.14-06.53.11:480][  0]LogD3D11RHI: Chosen D3D11 Adapter:
[2023.12.14-06.53.11:480][  0]LogD3D11RHI:     Description : NVIDIA GeForce GTX 1060 3GB
[2023.12.14-06.53.11:480][  0]LogD3D11RHI:     VendorId    : 10de
[2023.12.14-06.53.11:480][  0]LogD3D11RHI:     DeviceId    : 1c02
[2023.12.14-06.53.11:480][  0]LogD3D11RHI:     SubSysId    : 61623842
[2023.12.14-06.53.11:480][  0]LogD3D11RHI:     Revision    : 00a1
[2023.12.14-06.53.11:480][  0]LogD3D11RHI:     DedicatedVideoMemory : 3123707904 bytes
[2023.12.14-06.53.11:480][  0]LogD3D11RHI:     DedicatedSystemMemory : 0 bytes
[2023.12.14-06.53.11:480][  0]LogD3D11RHI:     SharedSystemMemory : 6419623936 bytes
[2023.12.14-06.53.11:480][  0]LogD3D11RHI:     AdapterLuid : 0 59805
[2023.12.14-06.53.11:488][  0]LogD3D11RHI: Creating new Direct3DDevice
[2023.12.14-06.53.11:488][  0]LogD3D11RHI:     GPU DeviceId: 0x1c02 (for the marketing name, search the web for "GPU Device Id")
[2023.12.14-06.53.11:488][  0]LogWindows: EnumDisplayDevices:
[2023.12.14-06.53.11:488][  0]LogWindows:    0. 'NVIDIA GeForce GTX 1060 3GB' (P:1 D:1)
[2023.12.14-06.53.11:488][  0]LogWindows:    1. 'NVIDIA GeForce GTX 1060 3GB' (P:0 D:0)
[2023.12.14-06.53.11:488][  0]LogWindows:    2. 'NVIDIA GeForce GTX 1060 3GB' (P:0 D:0)
[2023.12.14-06.53.11:489][  0]LogWindows:    3. 'NVIDIA GeForce GTX 1060 3GB' (P:0 D:0)
[2023.12.14-06.53.11:489][  0]LogWindows: DebugString: FoundDriverCount:4 
[2023.12.14-06.53.11:489][  0]LogD3D11RHI:     Adapter Name: NVIDIA GeForce GTX 1060 3GB
[2023.12.14-06.53.11:489][  0]LogD3D11RHI:   Driver Version: 536.23 (internal:31.0.15.3623, unified:536.23)
[2023.12.14-06.53.11:489][  0]LogD3D11RHI:      Driver Date: 6-8-2023
[2023.12.14-06.53.11:489][  0]LogRHI: Texture pool is 2085 MB (70% of 2979 MB)
[2023.12.14-06.53.11:489][  0]LogD3D11RHI: Creating D3DDevice using adapter:
[2023.12.14-06.53.11:489][  0]LogD3D11RHI:     Description : NVIDIA GeForce GTX 1060 3GB
[2023.12.14-06.53.11:489][  0]LogD3D11RHI:     VendorId    : 10de
[2023.12.14-06.53.11:489][  0]LogD3D11RHI:     DeviceId    : 1c02
[2023.12.14-06.53.11:489][  0]LogD3D11RHI:     SubSysId    : 61623842
[2023.12.14-06.53.11:489][  0]LogD3D11RHI:     Revision    : 00a1
[2023.12.14-06.53.11:489][  0]LogD3D11RHI:     DedicatedVideoMemory : 3123707904 bytes
[2023.12.14-06.53.11:489][  0]LogD3D11RHI:     DedicatedSystemMemory : 0 bytes
[2023.12.14-06.53.11:489][  0]LogD3D11RHI:     SharedSystemMemory : 6419623936 bytes
[2023.12.14-06.53.11:489][  0]LogD3D11RHI:     AdapterLuid : 0 59805
[2023.12.14-06.53.11:608][  0]LogD3D11RHI: RHI has support for 64 bit atomics
[2023.12.14-06.53.11:609][  0]LogD3D11RHI: Async texture creation enabled
[2023.12.14-06.53.11:609][  0]LogD3D11RHI: Array index from any shader is supported
[2023.12.14-06.53.11:631][  0]LogD3D11RHI: GPU Timing Frequency: 1000.000000 (Debug: 2 1)
[2023.12.14-06.53.11:688][  0]LogRHI: GeForceNow SDK initialized: 1
[2023.12.14-06.53.12:065][  0]LogTargetPlatformManager: Display: Loaded TargetPlatform 'AllDesktop'
[2023.12.14-06.53.12:089][  0]LogTargetPlatformManager: Display: Loaded TargetPlatform 'Android'
[2023.12.14-06.53.12:089][  0]LogTargetPlatformManager: Display: Loaded TargetPlatform 'Android_ASTC'
[2023.12.14-06.53.12:089][  0]LogTargetPlatformManager: Display: Loaded TargetPlatform 'Android_DXT'
[2023.12.14-06.53.12:089][  0]LogTargetPlatformManager: Display: Loaded TargetPlatform 'Android_ETC2'
[2023.12.14-06.53.12:089][  0]LogTargetPlatformManager: Display: Loaded TargetPlatform 'AndroidClient'
[2023.12.14-06.53.12:089][  0]LogTargetPlatformManager: Display: Loaded TargetPlatform 'Android_ASTCClient'
[2023.12.14-06.53.12:090][  0]LogTargetPlatformManager: Display: Loaded TargetPlatform 'Android_DXTClient'
[2023.12.14-06.53.12:090][  0]LogTargetPlatformManager: Display: Loaded TargetPlatform 'Android_ETC2Client'
[2023.12.14-06.53.12:090][  0]LogTargetPlatformManager: Display: Loaded TargetPlatform 'Android_Multi'
[2023.12.14-06.53.12:090][  0]LogTargetPlatformManager: Display: Loaded TargetPlatform 'Android_MultiClient'
[2023.12.14-06.53.12:109][  0]LogTargetPlatformManager: Display: Loaded TargetPlatform 'IOSClient'
[2023.12.14-06.53.12:109][  0]LogTargetPlatformManager: Display: Loaded TargetPlatform 'IOS'
[2023.12.14-06.53.12:124][  0]LogTargetPlatformManager: Display: Loaded TargetPlatform 'Linux'
[2023.12.14-06.53.12:131][  0]LogTargetPlatformManager: Display: Loaded TargetPlatform 'LinuxNoEditor'
[2023.12.14-06.53.12:136][  0]LogTargetPlatformManager: Display: Loaded TargetPlatform 'LinuxClient'
[2023.12.14-06.53.12:141][  0]LogTargetPlatformManager: Display: Loaded TargetPlatform 'LinuxServer'
[2023.12.14-06.53.12:151][  0]LogTargetPlatformManager: Display: Loaded TargetPlatform 'LinuxAArch64NoEditor'
[2023.12.14-06.53.12:156][  0]LogTargetPlatformManager: Display: Loaded TargetPlatform 'LinuxAArch64Client'
[2023.12.14-06.53.12:161][  0]LogTargetPlatformManager: Display: Loaded TargetPlatform 'LinuxAArch64Server'
[2023.12.14-06.53.12:189][  0]LogTargetPlatformManager: Display: Loaded TargetPlatform 'Lumin'
[2023.12.14-06.53.12:189][  0]LogTargetPlatformManager: Display: Loaded TargetPlatform 'LuminClient'
[2023.12.14-06.53.12:199][  0]LogTargetPlatformManager: Display: Loaded TargetPlatform 'MacNoEditor'
[2023.12.14-06.53.12:203][  0]LogTargetPlatformManager: Display: Loaded TargetPlatform 'Mac'
[2023.12.14-06.53.12:208][  0]LogTargetPlatformManager: Display: Loaded TargetPlatform 'MacClient'
[2023.12.14-06.53.12:212][  0]LogTargetPlatformManager: Display: Loaded TargetPlatform 'MacServer'
[2023.12.14-06.53.12:227][  0]LogTargetPlatformManager: Display: Loaded TargetPlatform 'TVOSClient'
[2023.12.14-06.53.12:227][  0]LogTargetPlatformManager: Display: Loaded TargetPlatform 'TVOS'
[2023.12.14-06.53.12:238][  0]LogTargetPlatformManager: Display: Loaded TargetPlatform 'WindowsNoEditor'
[2023.12.14-06.53.12:245][  0]LogTargetPlatformManager: Display: Loaded TargetPlatform 'Windows'
[2023.12.14-06.53.12:251][  0]LogTargetPlatformManager: Display: Loaded TargetPlatform 'WindowsClient'
[2023.12.14-06.53.12:257][  0]LogTargetPlatformManager: Display: Loaded TargetPlatform 'WindowsServer'
[2023.12.14-06.53.12:257][  0]LogTargetPlatformManager: Display: Building Assets For Windows
[2023.12.14-06.53.12:267][  0]LogAudioDebug: Display: Lib vorbis DLL was dynamically loaded.
[2023.12.14-06.53.12:301][  0]LogTextureFormatOodle: Display: Oodle Texture 2.9.0 init RDO Off
[2023.12.14-06.53.12:337][  0]LogRendererCore: Ray tracing is disabled. Reason: r.RayTracing=0.
[2023.12.14-06.53.12:338][  0]LogShaderCompilers: Guid format shader working directory is -28 characters bigger than the processId version (../../../../../../Users/Delaina/Documents/Unreal Projects/FinalP_Guessing_v2/Intermediate/Shaders/WorkingDirectory/9408/).
[2023.12.14-06.53.12:338][  0]LogShaderCompilers: Cleaned the shader compiler working directory 'C:/Users/Delaina/AppData/Local/Temp/UnrealShaderWorkingDir/BE87123A4E8553B77FC247B1100D6605/'.
[2023.12.14-06.53.12:338][  0]LogXGEController: Cannot use XGE Controller as Incredibuild is not installed on this machine.
[2023.12.14-06.53.12:338][  0]LogShaderCompilers: Cannot use XGE Shader Compiler as Incredibuild is not installed on this machine.
[2023.12.14-06.53.12:338][  0]LogShaderCompilers: Display: Using Local Shader Compiler.
[2023.12.14-06.53.13:223][  0]LogDerivedDataCache: Display: Max Cache Size: 512 MB
[2023.12.14-06.53.13:293][  0]LogDerivedDataCache: Loaded boot cache 0.07s 94MB C:/Users/Delaina/AppData/Local/UnrealEngine/4.27/DerivedDataCache/Boot.ddc.
[2023.12.14-06.53.13:293][  0]LogDerivedDataCache: Display: Loaded Boot cache: C:/Users/Delaina/AppData/Local/UnrealEngine/4.27/DerivedDataCache/Boot.ddc
[2023.12.14-06.53.13:293][  0]LogDerivedDataCache: FDerivedDataBackendGraph:  Pak pak cache file ../../../../../../Users/Delaina/Documents/Unreal Projects/FinalP_Guessing_v2/DerivedDataCache/DDC.ddp not found, will not use a pak cache.
[2023.12.14-06.53.13:293][  0]LogDerivedDataCache: Unable to find inner node Pak for hierarchical cache Hierarchy.
[2023.12.14-06.53.13:293][  0]LogDerivedDataCache: FDerivedDataBackendGraph:  CompressedPak pak cache file ../../../../../../Users/Delaina/Documents/Unreal Projects/FinalP_Guessing_v2/DerivedDataCache/Compressed.ddp not found, will not use a pak cache.
[2023.12.14-06.53.13:293][  0]LogDerivedDataCache: Unable to find inner node CompressedPak for hierarchical cache Hierarchy.
[2023.12.14-06.53.13:315][  0]LogDerivedDataCache: Display: Pak cache opened for reading ../../../Engine/DerivedDataCache/Compressed.ddp.
[2023.12.14-06.53.13:315][  0]LogDerivedDataCache: FDerivedDataBackendGraph:  EnterprisePak pak cache file ../../../Enterprise/DerivedDataCache/Compressed.ddp not found, will not use a pak cache.
[2023.12.14-06.53.13:315][  0]LogDerivedDataCache: Unable to find inner node EnterprisePak for hierarchical cache Hierarchy.
[2023.12.14-06.53.13:371][  0]LogDerivedDataCache: Speed tests for C:/Users/Delaina/AppData/Local/UnrealEngine/Common/DerivedDataCache took 0.06 seconds
[2023.12.14-06.53.13:371][  0]LogDerivedDataCache: Display: Performance to C:/Users/Delaina/AppData/Local/UnrealEngine/Common/DerivedDataCache: Latency=0.03ms. RandomReadSpeed=1097.49MBs, RandomWriteSpeed=16.87MBs. Assigned SpeedClass 'Local'
[2023.12.14-06.53.13:372][  0]LogDerivedDataCache: Using Local data cache path C:/Users/Delaina/AppData/Local/UnrealEngine/Common/DerivedDataCache: Writable
[2023.12.14-06.53.13:372][  0]LogDerivedDataCache: Shared data cache path not found in *engine.ini, will not use an Shared cache.
[2023.12.14-06.53.13:372][  0]LogDerivedDataCache: Unable to find inner node Shared for hierarchical cache Hierarchy.
[2023.12.14-06.53.13:438][  0]LogSlate: Using FreeType 2.10.0
[2023.12.14-06.53.13:439][  0]LogSlate: SlateFontServices - WITH_FREETYPE: 1, WITH_HARFBUZZ: 1
[2023.12.14-06.53.13:474][  0]LogAssetRegistry: FAssetRegistry took 0.0038 seconds to start up
[2023.12.14-06.53.13:751][  0]LogInit: Selected Device Profile: [Windows]
[2023.12.14-06.53.13:751][  0]LogInit: Active device profile: [000002239586B800][0000022388DF6380 49] Windows
[2023.12.14-06.53.13:751][  0]LogInit: Profiles: [000002239586B800][0000022388DF6380 49] Windows, [0000022395830900][0000022388E04500 49] WindowsNoEditor, [0000022395868A00][00000223937E4680 49] WindowsServer, [0000022395833100][00000223937E8800 49] WindowsClient, [000002239586B000][000002238C6FC980 49] IOS, [0000022395831200][000002238C700B00 49] iPadAir, [0000022395869100][0000022394D88C40 49] iPadAir2, [00000223957E8200][0000022396386E80 49] IPadPro, [00000223957E3F00][000002238C704EC0 49] iPadAir3, [000002239586AC00][000002239638F040 49] iPadAir4, [00000223957E0F00][00000223963931C0 49] iPadMini2, [0000022395869400][0000022396397340 49] iPadMini3, [00000223957E2C00][000002239639B4C0 49] iPadMini4, [000002239586A500][0000022394C93640 49] iPadMini5, [0000022395832B00][0000022394C9B900 49] iPhone6, [0000022395832A00][0000022394C97940 49] iPodTouch6, [00000223957E1100][0000022394CA3C00 49] iPhone7, [00000223957E1200][0000022394C9E0C0 49] iPodTouch7, [0000022395833800][0000022394CA6240 49] iPhone5S, [00000223957E0300][0000022394CAA3C0 49] iPhone6Plus, [0000022395831F00][0000022394CAE540 49] iPhone6S, [00000223957E3600][0000022394CB26C0 49] iPhone6SPlus, [0000022395831100][0000022394CB6840 49] iPhone7Plus, [00000223957E3D00][0000022394CBA9C0 49] iPhoneSE, [0000022395831800][0000022394CBEB40 49] iPhone8, [00000223957E2A00][0000022394CC2CC0 49] iPhone8Plus, [0000022395832700][000002239638AE00 49] iPhoneX, [00000223957E1000][0000022393B18F40 49] iPhoneXS, [0000022395833200][00000223962D7080 49] iPhoneXSMax, [00000223957E3500][00000223962DB1C0 49] iPhoneXR, [0000022395830400][00000223962E3340 49] iPhone11, [00000223957E2100][00000223962E74C0 49] iPhone11Pro, [0000022395830600][00000223962EB640 49] iPhone11ProMax, [00000223957E3E00][00000223962EF7C0 49] iPhoneSE2, [0000022395830A00][00000223962F3940 49] iPhone12Mini, [00000223957E2D00][00000223962F7AC0 49] iPhone12, [0000022395831700][00000223962FA0C0 49] iPhone12Pro, [00000223957E1400][0000022394CC6240 49] iPhone12ProMax, [0000022395831300][0000022394CCA3C0 49] iPadPro105, [00000223957E2300][0000022394CCE540 49] iPadPro129, [0000022395831900][0000022394CD26C0 49] iPadPro97, [00000223957E1E00][0000022394CD6840 49] iPadPro2_129, [0000022395832D00][0000022394CDA9C0 49] iPad5, [00000223957E1600][0000022394CDEB40 49] iPad6, [0000022395831A00][0000022394CE2CC0 49] iPad7, [00000223957E1700][0000022394CE6E40 49] iPad8, [0000022395832100][00000223962DEF80 49] iPadPro11, [00000223957E1900][0000022394CEB0C0 49] iPadPro2_11, [0000022395833B00][0000022394CEF200 49] iPadPro3_129, [00000223957E1D00][0000022394CF3340 49] iPadPro4_129, [0000022395833700][0000022394CFB4C0 49] AppleTV, [00000223957E2900][0000022388DC1640 49] AppleTV4K, [0000022395832200][0000022388DC57C0 49] TVOS, [00000223957E2400][0000022388DC9940 49] Mac, [0000022395832800][0000022388DCDAC0 49] MacClient, [00000223957E0800][0000022388DD00C0 49] MacNoEditor, [0000022395833E00][0000022388DD4240 49] MacServer, [00000223957E3100][0000022388DD83C0 49] Linux, [0000022395831D00][0000022388DDC540 49] LinuxAArch64, [00000223957E0100][00000223962746C0 49] LinuxNoEditor, [00000223958ADD00][0000022396278840 49] LinuxAArch64NoEditor, [00000223957EB800][000002239627C9C0 49] LinuxClient, [00000223958AD600][0000022396280B40 49] LinuxAArch64Client, [00000223957E8600][0000022396284CC0 49] LinuxServer, [00000223958AE000][0000022396288E40 49] LinuxAArch64Server, [00000223957E8F00][000002239628CFC0 49] Android, [00000223958AC300][0000022396291140 49] Android_Low, [00000223957EAA00][0000022394CF7280 49] Android_Mid, [00000223958AD400][00000223962953C0 49] Android_High, [00000223957E9A00][0000022396299500 49] Android_Default, [00000223958AD000][0000022394D03680 49] Android_Adreno4xx, [00000223957E8D00][0000022394D07800 49] Android_Adreno5xx_Low, [00000223958AD100][0000022394D0B980 49] Android_Adreno5xx, [00000223957E9800][0000022394D0FB00 49] Android_Adreno6xx, [00000223958AC900][0000022394D12100 49] Android_Adreno6xx_Vulkan, [00000223957EB000][0000022394D16280 49] Android_Mali_T6xx, [00000223958AE100][0000022394D1A400 49] Android_Mali_T7xx, [00000223957EA100][0000022394D1E580 49] Android_Mali_T8xx, [00000223958AC500][0000022394D22700 49] Android_Mali_G71, [00000223957EBA00][0000022394D26880 49] Android_Mali_G72, [00000223958AD200][0000022394D2AA00 49] Android_Mali_G72_Vulkan, [00000223957E9D00][0000022393AB2B80 49] Android_Mali_G76, [00000223958ACE00][0000022393AB6D00 49] Android_Mali_G76_Vulkan, [00000223957E8A00][0000022393ABAE80 49] Android_Mali_G77, [00000223957E3000][0000022393ABF000 49] Android_Mali_G77_Vulkan, [0000022395831500][0000022393AC3180 49] Android_Mali_G78, [00000223957E0A00][0000022393AC7300 49] Android_Mali_G78_Vulkan, [0000022395830E00][0000022394CFF440 49] Android_Mali_G710, [00000223957E0700][0000022393ACB580 49] Android_Mali_G710_Vulkan, [0000022395830F00][0000022393ACF6C0 49] Android_Vulkan_SM5, [00000223957E2B00][0000022393AD7840 49] Android_PowerVR_G6xxx, [0000022395831400][0000022393ADB9C0 49] Android_PowerVR_GT7xxx, [00000223957E2500][0000022393ADFB40 49] Android_PowerVR_GE8xxx, [0000022395832600][0000022393AE2140 49] Android_PowerVR_GM9xxx, [00000223957E0D00][0000022393AE62C0 49] Android_PowerVR_GM9xxx_Vulkan, [0000022395833A00][0000022393AEA440 49] Android_TegraK1, [00000223958AE400][0000022393AEE5C0 49] Android_Unknown_Vulkan, [0000022395830100][0000022393AF2740 49] Lumin, [00000223958AC700][0000022393AF68C0 49] Lumin_Desktop, [0000022395832400][0000022393AFAA40 49] HoloLens, 
[2023.12.14-06.53.13:905][  0]LogMeshReduction: Using QuadricMeshReduction for automatic static mesh reduction
[2023.12.14-06.53.13:905][  0]LogMeshReduction: Using SimplygonMeshReduction for automatic skeletal mesh reduction
[2023.12.14-06.53.13:905][  0]LogMeshReduction: Using ProxyLODMeshReduction for automatic mesh merging
[2023.12.14-06.53.13:905][  0]LogMeshReduction: No distributed automatic mesh merging module available
[2023.12.14-06.53.13:905][  0]LogMeshMerging: No distributed automatic mesh merging module available
[2023.12.14-06.53.13:923][  0]LogNetVersion: FinalP_Guessing_v2 1.0.0, NetCL: 17155196, EngineNetVer: 17, GameNetVer: 0 (Checksum: 2703413181)
[2023.12.14-06.53.14:398][  0]LogTexture: Default maximum texture size for cubemaps generated from long-lat sources has been changed from 512 to unlimited. In order to preserve old behaiour for '/Engine/MapTemplates/Sky/DaylightAmbientCubemap.DaylightAmbientCubemap', its maximum texture size has been explicitly set to 512.
[2023.12.14-06.53.14:471][  0]LogHMD: PokeAHoleMaterial loaded successfully
[2023.12.14-06.53.14:480][  0]LogUObjectArray: 17178 objects as part of root set at end of initial load.
[2023.12.14-06.53.14:480][  0]LogUObjectAllocator: 4302048 out of 0 bytes used by permanent object pool.
[2023.12.14-06.53.14:480][  0]LogUObjectArray: CloseDisregardForGC: 0/0 objects in disregard for GC pool
[2023.12.14-06.53.14:795][  0]LogNiagaraDebuggerClient: Niagara Debugger Client Initialized | Session: 775A629A42649FA2E5C95AB66E6DB38C | Instance: 332B70174BF024611B3973B8043BDEE0 (DESKTOP-3RGIRB9-9408).
[2023.12.14-06.53.14:931][  0]LogTcpMessaging: Initializing TcpMessaging bridge
[2023.12.14-06.53.14:935][  0]LogUdpMessaging: Initializing bridge on interface 0.0.0.0:0 to multicast group 230.0.0.1:6666.
[2023.12.14-06.53.14:949][  0]LogPython: Using Python 3.7.7
[2023.12.14-06.53.15:631][  0]LogOutputDevice: Warning: 

Script Stack (0 frames):

[2023.12.14-06.53.15:631][  0]LogWindows: Windows GetLastError: The operation completed successfully. (0)
[2023.12.14-06.53.17:045][  0]LogWindows: Error: === Critical error: ===
[2023.12.14-06.53.17:045][  0]LogWindows: Error: 
[2023.12.14-06.53.17:045][  0]LogWindows: Error: Fatal error: [File:D:/Build/++UE4/Sync/Engine/Source/Runtime/CoreUObject/Private/UObject/UObjectGlobals.cpp] [Line: 3251] 
[2023.12.14-06.53.17:045][  0]LogWindows: Error: NewObject with empty name can't be used to create default subobjects (inside of UObject derived class constructor) as it produces inconsistent object names. Use ObjectInitializer.CreateDefaultSubobject<> instead.
[2023.12.14-06.53.17:045][  0]LogWindows: Error: 
[2023.12.14-06.53.17:045][  0]LogWindows: Error: 
[2023.12.14-06.53.17:045][  0]LogWindows: Error: [Callstack] 0x00007ffd3fe6cf19 KERNELBASE.dll!UnknownFunction []
[2023.12.14-06.53.17:045][  0]LogWindows: Error: [Callstack] 0x00007ffcfd930216 UE4Editor-Core.dll!UnknownFunction []
[2023.12.14-06.53.17:045][  0]LogWindows: Error: [Callstack] 0x00007ffcfd934218 UE4Editor-Core.dll!UnknownFunction []
[2023.12.14-06.53.17:045][  0]LogWindows: Error: [Callstack] 0x00007ffcfd65242d UE4Editor-Core.dll!UnknownFunction []
[2023.12.14-06.53.17:045][  0]LogWindows: Error: [Callstack] 0x00007ffcfc82dae8 UE4Editor-CoreUObject.dll!UnknownFunction []
[2023.12.14-06.53.17:045][  0]LogWindows: Error: [Callstack] 0x00007ffcf9f606fa UE4Editor-Engine.dll!UnknownFunction []
[2023.12.14-06.53.17:045][  0]LogWindows: Error: [Callstack] 0x00007ffcafd3212e UE4Editor-FinalP_Guessing_v1-0093.dll!ATarget::ATarget() [C:\Users\Delaina\Documents\Unreal Projects\FinalP_Guessing_v2\Source\FinalP_Guessing_v1\Target.h:34]
[2023.12.14-06.53.17:045][  0]LogWindows: Error: [Callstack] 0x00007ffcfc5561d3 UE4Editor-CoreUObject.dll!UnknownFunction []
[2023.12.14-06.53.17:045][  0]LogWindows: Error: [Callstack] 0x00007ffcfc878faf UE4Editor-CoreUObject.dll!UnknownFunction []
[2023.12.14-06.53.17:045][  0]LogWindows: Error: [Callstack] 0x00007ffcfc855411 UE4Editor-CoreUObject.dll!UnknownFunction []
[2023.12.14-06.53.17:045][  0]LogWindows: Error: [Callstack] 0x00007ffcfc71ddc5 UE4Editor-CoreUObject.dll!UnknownFunction []
[2023.12.14-06.53.17:045][  0]LogWindows: Error: [Callstack] 0x00007ffcfd691bea UE4Editor-Core.dll!UnknownFunction []
[2023.12.14-06.53.17:045][  0]LogWindows: Error: [Callstack] 0x00007ffcfd6b15a3 UE4Editor-Core.dll!UnknownFunction []
[2023.12.14-06.53.17:045][  0]LogWindows: Error: [Callstack] 0x00007ffd29e76433 UE4Editor-Projects.dll!UnknownFunction []
[2023.12.14-06.53.17:045][  0]LogWindows: Error: [Callstack] 0x00007ffd29e7674f UE4Editor-Projects.dll!UnknownFunction []
[2023.12.14-06.53.17:045][  0]LogWindows: Error: [Callstack] 0x00007ff725765642 UE4Editor.exe!UnknownFunction []
[2023.12.14-06.53.17:045][  0]LogWindows: Error: [Callstack] 0x00007ff725769000 UE4Editor.exe!UnknownFunction []
[2023.12.14-06.53.17:045][  0]LogWindows: Error: [Callstack] 0x00007ff725760d2c UE4Editor.exe!UnknownFunction []
[2023.12.14-06.53.17:045][  0]LogWindows: Error: [Callstack] 0x00007ff7257610ba UE4Editor.exe!UnknownFunction []
[2023.12.14-06.53.17:045][  0]LogWindows: Error: [Callstack] 0x00007ff7257640dd UE4Editor.exe!UnknownFunction []
[2023.12.14-06.53.17:045][  0]LogWindows: Error: [Callstack] 0x00007ff725775984 UE4Editor.exe!UnknownFunction []
[2023.12.14-06.53.17:045][  0]LogWindows: Error: [Callstack] 0x00007ff72577853a UE4Editor.exe!UnknownFunction []
[2023.12.14-06.53.17:045][  0]LogWindows: Error: [Callstack] 0x00007ffd40d17344 KERNEL32.DLL!UnknownFunction []
[2023.12.14-06.53.17:045][  0]LogWindows: Error: [Callstack] 0x00007ffd421826b1 ntdll.dll!UnknownFunction []
[2023.12.14-06.53.17:045][  0]LogWindows: Error: 
[2023.12.14-06.53.17:103][  0]LogExit: Executing StaticShutdownAfterError
[2023.12.14-06.53.17:104][  0]LogWindows: FPlatformMisc::RequestExit(1)
[2023.12.14-06.53.17:104][  0]LogWindows: FPlatformMisc::RequestExitWithStatus(1, 3)
[2023.12.14-06.53.17:104][  0]LogCore: Engine exit requested (reason: Win RequestExit)
[2023.12.14-06.53.17:136][  0]Log file closed, 12/14/23 00:53:17
